#
# A fatal error has been detected by the Java Runtime Environment:
#
#  SIGSEGV (0xb) at pc=0x00007f0136087df2, pid=19525, tid=19564
#
# JRE version: Java(TM) SE Runtime Environment 18.9 (11.0.17+10) (build 11.0.17+10-LTS-269)
# Java VM: Java HotSpot(TM) 64-Bit Server VM 18.9 (11.0.17+10-LTS-269, mixed mode, tiered, compressed oops, g1 gc, linux-amd64)
# Problematic frame:
# C  [libGLdispatch.so.0+0x40df2]
#
# Core dump will be written. Default location: Core dumps may be processed with "/lib/systemd/systemd-coredump %P %u %g %s %t 9223372036854775808 %h" (or dumping to /home/chamod/Documents/IJSE/Projects/ORM/library_management_system/core.19525)
#
# If you would like to submit a bug report, please visit:
#   https://bugreport.java.com/bugreport/crash.jsp
# The crash happened outside the Java Virtual Machine in native code.
# See problematic frame for where to report the bug.
#

---------------  S U M M A R Y ------------

Command Line: -javaagent:/home/chamod/Downloads/softwares/idea-IU-232.10072.27/lib/idea_rt.jar=45317:/home/chamod/Downloads/softwares/idea-IU-232.10072.27/bin -Dfile.encoding=UTF-8 lk.ijse.LauncherWrapper

Host: 